Jul 18 20:45:40  [warning] Deprecated function, use CRM_Core_PseudoConstant::getKey
Array
(
    [civi.tag] => deprecated
)


Jul 18 20:48:25  [warning] Deprecated function, use CRM_Core_PseudoConstant::getKey
Array
(
    [civi.tag] => deprecated
)


Jul 18 20:49:00  [warning] Deprecated function, use CRM_Core_PseudoConstant::getKey
Array
(
    [civi.tag] => deprecated
)


Jul 18 20:49:00  [warning] Deprecated function, use CRM_Core_PseudoConstant::getKey
Array
(
    [civi.tag] => deprecated
)


Jul 18 20:49:00  [warning] Deprecated function, use CRM_Core_PseudoConstant::getKey
Array
(
    [civi.tag] => deprecated
)


Jul 18 20:49:00  [warning] Deprecated function, use CRM_Core_PseudoConstant::getKey
Array
(
    [civi.tag] => deprecated
)


Jul 18 20:49:00  [warning] Deprecated function, use CRM_Core_PseudoConstant::getKey
Array
(
    [civi.tag] => deprecated
)


Jul 18 20:49:00  [warning] Deprecated function, use CRM_Core_PseudoConstant::getKey
Array
(
    [civi.tag] => deprecated
)


Jul 18 20:49:00  [warning] Deprecated function, use CRM_Core_PseudoConstant::getKey
Array
(
    [civi.tag] => deprecated
)


Jul 18 20:49:00  [warning] Deprecated function, use CRM_Core_PseudoConstant::getKey
Array
(
    [civi.tag] => deprecated
)


Jul 18 20:49:00  [warning] Deprecated function, use CRM_Core_PseudoConstant::getKey
Array
(
    [civi.tag] => deprecated
)


Jul 18 20:50:05  [warning] Deprecated function, use CRM_Core_PseudoConstant::getKey
Array
(
    [civi.tag] => deprecated
)


Jul 18 20:50:05  [warning] Deprecated function, use CRM_Core_PseudoConstant::getKey
Array
(
    [civi.tag] => deprecated
)


Jul 18 20:50:05  [warning] Deprecated function, use CRM_Core_PseudoConstant::getKey
Array
(
    [civi.tag] => deprecated
)


Jul 18 21:03:35  [warning] Deprecated function, use CRM_Core_PseudoConstant::getKey
Array
(
    [civi.tag] => deprecated
)


Jul 18 21:03:35  [warning] Deprecated function, use CRM_Core_PseudoConstant::getKey
Array
(
    [civi.tag] => deprecated
)


Jul 18 21:03:35  [warning] Deprecated function, use CRM_Core_PseudoConstant::getKey
Array
(
    [civi.tag] => deprecated
)


Jul 18 21:03:35  [warning] Deprecated function, use CRM_Core_PseudoConstant::getKey
Array
(
    [civi.tag] => deprecated
)


Jul 18 21:03:35  [warning] Deprecated function, use CRM_Core_PseudoConstant::getKey
Array
(
    [civi.tag] => deprecated
)


Jul 18 21:03:35  [warning] Deprecated function, use CRM_Core_PseudoConstant::getKey
Array
(
    [civi.tag] => deprecated
)


Jul 18 21:03:35  [warning] Deprecated function, use CRM_Core_PseudoConstant::getKey
Array
(
    [civi.tag] => deprecated
)


Jul 18 21:03:35  [warning] Deprecated function, use CRM_Core_PseudoConstant::getKey
Array
(
    [civi.tag] => deprecated
)


Jul 18 21:03:35  [warning] Deprecated function, use CRM_Core_PseudoConstant::getKey
Array
(
    [civi.tag] => deprecated
)


Jul 18 21:18:59  [warning] Deprecated function, use CRM_Core_PseudoConstant::getKey
Array
(
    [civi.tag] => deprecated
)


Jul 18 21:20:19  [warning] Deprecated function, use CRM_Core_PseudoConstant::getKey
Array
(
    [civi.tag] => deprecated
)


Jul 18 21:20:43  [warning] Deprecated function, use CRM_Core_PseudoConstant::getKey
Array
(
    [civi.tag] => deprecated
)


Jul 18 21:20:43  [warning] Deprecated function, use CRM_Core_PseudoConstant::getKey
Array
(
    [civi.tag] => deprecated
)


Jul 18 21:20:43  [warning] Deprecated function, use CRM_Core_PseudoConstant::getKey
Array
(
    [civi.tag] => deprecated
)


Jul 18 21:20:43  [warning] Deprecated function, use CRM_Core_PseudoConstant::getKey
Array
(
    [civi.tag] => deprecated
)


Jul 18 21:20:43  [warning] Deprecated function, use CRM_Core_PseudoConstant::getKey
Array
(
    [civi.tag] => deprecated
)


Jul 18 21:20:43  [warning] Deprecated function, use CRM_Core_PseudoConstant::getKey
Array
(
    [civi.tag] => deprecated
)


Jul 18 21:20:43  [warning] Deprecated function, use CRM_Core_PseudoConstant::getKey
Array
(
    [civi.tag] => deprecated
)


Jul 18 21:20:43  [warning] Deprecated function, use CRM_Core_PseudoConstant::getKey
Array
(
    [civi.tag] => deprecated
)


Jul 18 21:20:43  [warning] Deprecated function, use CRM_Core_PseudoConstant::getKey
Array
(
    [civi.tag] => deprecated
)


Jul 18 21:22:03  [warning] Deprecated function, use CRM_Core_PseudoConstant::getKey
Array
(
    [civi.tag] => deprecated
)


Jul 18 21:22:03  [warning] Deprecated function, use CRM_Core_PseudoConstant::getKey
Array
(
    [civi.tag] => deprecated
)


Jul 18 21:22:03  [warning] Deprecated function, use CRM_Core_PseudoConstant::getKey
Array
(
    [civi.tag] => deprecated
)


Jul 18 21:22:03  [warning] Deprecated function, use CRM_Core_PseudoConstant::getKey
Array
(
    [civi.tag] => deprecated
)


Jul 18 21:22:03  [warning] Deprecated function, use CRM_Core_PseudoConstant::getKey
Array
(
    [civi.tag] => deprecated
)


Jul 18 21:22:03  [warning] Deprecated function, use CRM_Core_PseudoConstant::getKey
Array
(
    [civi.tag] => deprecated
)


Jul 18 21:22:03  [warning] Deprecated function, use CRM_Core_PseudoConstant::getKey
Array
(
    [civi.tag] => deprecated
)


Jul 18 21:22:03  [warning] Deprecated function, use CRM_Core_PseudoConstant::getKey
Array
(
    [civi.tag] => deprecated
)


Jul 18 21:22:03  [warning] Deprecated function, use CRM_Core_PseudoConstant::getKey
Array
(
    [civi.tag] => deprecated
)


Jul 18 21:32:24  [warning] Deprecated function, use CRM_Core_PseudoConstant::getKey
Array
(
    [civi.tag] => deprecated
)


Jul 18 21:33:00  [warning] Deprecated function, use CRM_Core_PseudoConstant::getKey
Array
(
    [civi.tag] => deprecated
)


Jul 18 21:33:12  [warning] Deprecated function, use CRM_Core_PseudoConstant::getKey
Array
(
    [civi.tag] => deprecated
)


Jul 18 21:33:12  [warning] Deprecated function, use CRM_Core_PseudoConstant::getKey
Array
(
    [civi.tag] => deprecated
)


Jul 18 21:33:12  [warning] Deprecated function, use CRM_Core_PseudoConstant::getKey
Array
(
    [civi.tag] => deprecated
)


Jul 18 21:33:12  [warning] Deprecated function, use CRM_Core_PseudoConstant::getKey
Array
(
    [civi.tag] => deprecated
)


Jul 18 21:33:12  [warning] Deprecated function, use CRM_Core_PseudoConstant::getKey
Array
(
    [civi.tag] => deprecated
)


Jul 18 21:33:12  [warning] Deprecated function, use CRM_Core_PseudoConstant::getKey
Array
(
    [civi.tag] => deprecated
)


Jul 18 21:33:12  [warning] Deprecated function, use CRM_Core_PseudoConstant::getKey
Array
(
    [civi.tag] => deprecated
)


Jul 18 21:33:12  [warning] Deprecated function, use CRM_Core_PseudoConstant::getKey
Array
(
    [civi.tag] => deprecated
)


Jul 18 21:33:12  [warning] Deprecated function, use CRM_Core_PseudoConstant::getKey
Array
(
    [civi.tag] => deprecated
)


Jul 18 21:33:26  [warning] Deprecated function, use CRM_Core_PseudoConstant::getKey
Array
(
    [civi.tag] => deprecated
)


Jul 18 21:33:26  [warning] Deprecated function, use CRM_Core_PseudoConstant::getKey
Array
(
    [civi.tag] => deprecated
)


Jul 18 21:33:26  [warning] Deprecated function, use CRM_Core_PseudoConstant::getKey
Array
(
    [civi.tag] => deprecated
)


Jul 18 21:33:26  [warning] Deprecated function, use CRM_Core_PseudoConstant::getKey
Array
(
    [civi.tag] => deprecated
)


Jul 18 21:33:26  [warning] Deprecated function, use CRM_Core_PseudoConstant::getKey
Array
(
    [civi.tag] => deprecated
)


Jul 18 21:33:26  [warning] Deprecated function, use CRM_Core_PseudoConstant::getKey
Array
(
    [civi.tag] => deprecated
)


Jul 18 21:33:26  [warning] Deprecated function, use CRM_Core_PseudoConstant::getKey
Array
(
    [civi.tag] => deprecated
)


Jul 18 21:33:26  [warning] Deprecated function, use CRM_Core_PseudoConstant::getKey
Array
(
    [civi.tag] => deprecated
)


Jul 18 21:33:26  [warning] Deprecated function, use CRM_Core_PseudoConstant::getKey
Array
(
    [civi.tag] => deprecated
)


Jul 18 21:44:57  [warning] Deprecated function, use CRM_Core_PseudoConstant::getKey
Array
(
    [civi.tag] => deprecated
)


Jul 18 21:46:15  [warning] Deprecated function, use CRM_Core_PseudoConstant::getKey
Array
(
    [civi.tag] => deprecated
)


Jul 18 21:48:14  [warning] Deprecated function, use CRM_Core_PseudoConstant::getKey
Array
(
    [civi.tag] => deprecated
)


Jul 18 21:48:28  [warning] Deprecated function, use CRM_Core_PseudoConstant::getKey
Array
(
    [civi.tag] => deprecated
)


Jul 18 21:48:43  [warning] Deprecated function, use CRM_Core_PseudoConstant::getKey
Array
(
    [civi.tag] => deprecated
)


Jul 19 19:40:18  [warning] Deprecated function, use CRM_Core_PseudoConstant::getKey
Array
(
    [civi.tag] => deprecated
)


Jul 19 19:41:06  [warning] Deprecated function, use CRM_Core_PseudoConstant::getKey
Array
(
    [civi.tag] => deprecated
)


Jul 19 19:41:38  [warning] Deprecated function, use CRM_Core_PseudoConstant::getKey
Array
(
    [civi.tag] => deprecated
)


Jul 19 19:41:38  [warning] Deprecated function, use CRM_Core_PseudoConstant::getKey
Array
(
    [civi.tag] => deprecated
)


Jul 19 19:41:38  [warning] Deprecated function, use CRM_Core_PseudoConstant::getKey
Array
(
    [civi.tag] => deprecated
)


Jul 19 19:41:38  [warning] Deprecated function, use CRM_Core_PseudoConstant::getKey
Array
(
    [civi.tag] => deprecated
)


Jul 19 19:41:38  [warning] Deprecated function, use CRM_Core_PseudoConstant::getKey
Array
(
    [civi.tag] => deprecated
)


Jul 19 19:41:38  [warning] Deprecated function, use CRM_Core_PseudoConstant::getKey
Array
(
    [civi.tag] => deprecated
)


Jul 19 19:41:38  [warning] Deprecated function, use CRM_Core_PseudoConstant::getKey
Array
(
    [civi.tag] => deprecated
)


Jul 19 19:41:38  [warning] Deprecated function, use CRM_Core_PseudoConstant::getKey
Array
(
    [civi.tag] => deprecated
)


Jul 19 19:41:38  [warning] Deprecated function, use CRM_Core_PseudoConstant::getKey
Array
(
    [civi.tag] => deprecated
)


Jul 19 19:41:38  [warning] Deprecated function, use CRM_Core_PseudoConstant::getKey
Array
(
    [civi.tag] => deprecated
)


Jul 19 19:41:38  [warning] Deprecated function, use CRM_Core_PseudoConstant::getKey
Array
(
    [civi.tag] => deprecated
)


Jul 19 19:41:38  [warning] Deprecated function, use CRM_Core_PseudoConstant::getKey
Array
(
    [civi.tag] => deprecated
)


Jul 19 19:41:38  [warning] Deprecated function, use CRM_Core_PseudoConstant::getKey
Array
(
    [civi.tag] => deprecated
)


Jul 19 19:46:21  [warning] Deprecated function, use CRM_Core_PseudoConstant::getKey
Array
(
    [civi.tag] => deprecated
)


Jul 19 19:46:21  [warning] Deprecated function, use CRM_Core_PseudoConstant::getKey
Array
(
    [civi.tag] => deprecated
)


Jul 19 19:46:21  [warning] Deprecated function, use CRM_Core_PseudoConstant::getKey
Array
(
    [civi.tag] => deprecated
)


Jul 19 19:46:21  [warning] Deprecated function, use CRM_Core_PseudoConstant::getKey
Array
(
    [civi.tag] => deprecated
)


Jul 19 19:46:21  [warning] Deprecated function, use CRM_Core_PseudoConstant::getKey
Array
(
    [civi.tag] => deprecated
)


Jul 19 19:46:21  [warning] Deprecated function, use CRM_Core_PseudoConstant::getKey
Array
(
    [civi.tag] => deprecated
)


Jul 19 19:46:21  [warning] Deprecated function, use CRM_Core_PseudoConstant::getKey
Array
(
    [civi.tag] => deprecated
)


Jul 19 19:46:21  [warning] Deprecated function, use CRM_Core_PseudoConstant::getKey
Array
(
    [civi.tag] => deprecated
)


Jul 19 19:46:21  [warning] Deprecated function, use CRM_Core_PseudoConstant::getKey
Array
(
    [civi.tag] => deprecated
)


Jul 19 19:46:21  [warning] Deprecated function, use CRM_Core_PseudoConstant::getKey
Array
(
    [civi.tag] => deprecated
)


Jul 19 19:46:21  [warning] Deprecated function, use CRM_Core_PseudoConstant::getKey
Array
(
    [civi.tag] => deprecated
)


Jul 19 19:46:21  [warning] Deprecated function, use CRM_Core_PseudoConstant::getKey
Array
(
    [civi.tag] => deprecated
)


Jul 19 19:46:21  [warning] Deprecated function, use CRM_Core_PseudoConstant::getKey
Array
(
    [civi.tag] => deprecated
)


Jul 19 19:46:33  [warning] Deprecated function, use CRM_Core_PseudoConstant::getKey
Array
(
    [civi.tag] => deprecated
)


Jul 19 19:46:33  [warning] Deprecated function, use CRM_Core_PseudoConstant::getKey
Array
(
    [civi.tag] => deprecated
)


Jul 19 19:46:33  [warning] Deprecated function, use CRM_Core_PseudoConstant::getKey
Array
(
    [civi.tag] => deprecated
)


Jul 19 19:46:33  [warning] Deprecated function, use CRM_Core_PseudoConstant::getKey
Array
(
    [civi.tag] => deprecated
)


Jul 19 19:46:33  [warning] Deprecated function, use CRM_Core_PseudoConstant::getKey
Array
(
    [civi.tag] => deprecated
)


Jul 19 19:46:33  [warning] Deprecated function, use CRM_Core_PseudoConstant::getKey
Array
(
    [civi.tag] => deprecated
)


Jul 19 19:46:33  [warning] Deprecated function, use CRM_Core_PseudoConstant::getKey
Array
(
    [civi.tag] => deprecated
)


Jul 19 19:46:33  [warning] Deprecated function, use CRM_Core_PseudoConstant::getKey
Array
(
    [civi.tag] => deprecated
)


Jul 19 19:46:33  [warning] Deprecated function, use CRM_Core_PseudoConstant::getKey
Array
(
    [civi.tag] => deprecated
)


Jul 19 19:46:33  [warning] Deprecated function, use CRM_Core_PseudoConstant::getKey
Array
(
    [civi.tag] => deprecated
)


Jul 19 19:46:33  [warning] Deprecated function, use CRM_Core_PseudoConstant::getKey
Array
(
    [civi.tag] => deprecated
)


Jul 19 19:46:33  [warning] Deprecated function, use CRM_Core_PseudoConstant::getKey
Array
(
    [civi.tag] => deprecated
)


Jul 19 19:46:33  [warning] Deprecated function, use CRM_Core_PseudoConstant::getKey
Array
(
    [civi.tag] => deprecated
)


Jul 19 19:46:38  [warning] Deprecated function, use CRM_Core_PseudoConstant::getKey
Array
(
    [civi.tag] => deprecated
)


Jul 19 19:46:38  [warning] Deprecated function, use CRM_Core_PseudoConstant::getKey
Array
(
    [civi.tag] => deprecated
)


Jul 19 19:46:38  [warning] Deprecated function, use CRM_Core_PseudoConstant::getKey
Array
(
    [civi.tag] => deprecated
)


Jul 19 19:46:38  [warning] Deprecated function, use CRM_Core_PseudoConstant::getKey
Array
(
    [civi.tag] => deprecated
)


Jul 19 19:46:38  [warning] Deprecated function, use CRM_Core_PseudoConstant::getKey
Array
(
    [civi.tag] => deprecated
)


Jul 19 19:46:38  [warning] Deprecated function, use CRM_Core_PseudoConstant::getKey
Array
(
    [civi.tag] => deprecated
)


Jul 19 19:46:38  [warning] Deprecated function, use CRM_Core_PseudoConstant::getKey
Array
(
    [civi.tag] => deprecated
)


Jul 19 19:46:38  [warning] Deprecated function, use CRM_Core_PseudoConstant::getKey
Array
(
    [civi.tag] => deprecated
)


Jul 19 19:46:38  [warning] Deprecated function, use CRM_Core_PseudoConstant::getKey
Array
(
    [civi.tag] => deprecated
)


Jul 19 19:46:38  [warning] Deprecated function, use CRM_Core_PseudoConstant::getKey
Array
(
    [civi.tag] => deprecated
)


Jul 19 19:46:38  [warning] Deprecated function, use CRM_Core_PseudoConstant::getKey
Array
(
    [civi.tag] => deprecated
)


Jul 19 19:46:38  [warning] Deprecated function, use CRM_Core_PseudoConstant::getKey
Array
(
    [civi.tag] => deprecated
)


Jul 19 19:46:38  [warning] Deprecated function, use CRM_Core_PseudoConstant::getKey
Array
(
    [civi.tag] => deprecated
)


Jul 19 19:46:44  [warning] Deprecated function, use CRM_Core_PseudoConstant::getKey
Array
(
    [civi.tag] => deprecated
)


Jul 19 19:46:44  [warning] Deprecated function, use CRM_Core_PseudoConstant::getKey
Array
(
    [civi.tag] => deprecated
)


Jul 19 19:46:44  [warning] Deprecated function, use CRM_Core_PseudoConstant::getKey
Array
(
    [civi.tag] => deprecated
)


Jul 19 19:46:44  [warning] Deprecated function, use CRM_Core_PseudoConstant::getKey
Array
(
    [civi.tag] => deprecated
)


Jul 19 19:46:44  [warning] Deprecated function, use CRM_Core_PseudoConstant::getKey
Array
(
    [civi.tag] => deprecated
)


Jul 19 19:46:44  [warning] Deprecated function, use CRM_Core_PseudoConstant::getKey
Array
(
    [civi.tag] => deprecated
)


Jul 19 19:46:44  [warning] Deprecated function, use CRM_Core_PseudoConstant::getKey
Array
(
    [civi.tag] => deprecated
)


Jul 19 19:46:44  [warning] Deprecated function, use CRM_Core_PseudoConstant::getKey
Array
(
    [civi.tag] => deprecated
)


Jul 19 19:46:44  [warning] Deprecated function, use CRM_Core_PseudoConstant::getKey
Array
(
    [civi.tag] => deprecated
)


Jul 19 19:46:48  [warning] Deprecated function, use CRM_Core_PseudoConstant::getKey
Array
(
    [civi.tag] => deprecated
)


Jul 19 19:46:48  [warning] Deprecated function, use CRM_Core_PseudoConstant::getKey
Array
(
    [civi.tag] => deprecated
)


Jul 19 19:46:48  [warning] Deprecated function, use CRM_Core_PseudoConstant::getKey
Array
(
    [civi.tag] => deprecated
)


Jul 19 19:46:48  [warning] Deprecated function, use CRM_Core_PseudoConstant::getKey
Array
(
    [civi.tag] => deprecated
)


Jul 19 19:46:48  [warning] Deprecated function, use CRM_Core_PseudoConstant::getKey
Array
(
    [civi.tag] => deprecated
)


Jul 19 19:46:48  [warning] Deprecated function, use CRM_Core_PseudoConstant::getKey
Array
(
    [civi.tag] => deprecated
)


Jul 19 19:46:48  [warning] Deprecated function, use CRM_Core_PseudoConstant::getKey
Array
(
    [civi.tag] => deprecated
)


Jul 19 19:46:48  [warning] Deprecated function, use CRM_Core_PseudoConstant::getKey
Array
(
    [civi.tag] => deprecated
)


Jul 19 19:46:48  [warning] Deprecated function, use CRM_Core_PseudoConstant::getKey
Array
(
    [civi.tag] => deprecated
)


Jul 19 19:46:48  [warning] Deprecated function, use CRM_Core_PseudoConstant::getKey
Array
(
    [civi.tag] => deprecated
)


Jul 19 19:46:48  [warning] Deprecated function, use CRM_Core_PseudoConstant::getKey
Array
(
    [civi.tag] => deprecated
)


Jul 19 19:46:48  [warning] Deprecated function, use CRM_Core_PseudoConstant::getKey
Array
(
    [civi.tag] => deprecated
)


Jul 19 19:46:48  [warning] Deprecated function, use CRM_Core_PseudoConstant::getKey
Array
(
    [civi.tag] => deprecated
)


Jul 19 19:50:44  [warning] Deprecated function, use CRM_Core_PseudoConstant::getKey
Array
(
    [civi.tag] => deprecated
)


Jul 20 04:46:31  [warning] Deprecated function, use CRM_Core_PseudoConstant::getKey
Array
(
    [civi.tag] => deprecated
)


Jul 20 14:04:23  [warning] Deprecated function, use CRM_Core_PseudoConstant::getKey
Array
(
    [civi.tag] => deprecated
)


Jul 20 14:04:23  [warning] Deprecated function, use CRM_Core_PseudoConstant::getKey
Array
(
    [civi.tag] => deprecated
)


Jul 20 14:04:23  [warning] Deprecated function, use CRM_Core_PseudoConstant::getKey
Array
(
    [civi.tag] => deprecated
)


Jul 20 14:04:23  [warning] Deprecated function, use CRM_Core_PseudoConstant::getKey
Array
(
    [civi.tag] => deprecated
)


Jul 20 14:04:23  [warning] Deprecated function, use CRM_Core_PseudoConstant::getKey
Array
(
    [civi.tag] => deprecated
)


Jul 20 14:04:23  [warning] Deprecated function, use CRM_Core_PseudoConstant::getKey
Array
(
    [civi.tag] => deprecated
)


Jul 20 14:04:23  [warning] Deprecated function, use CRM_Core_PseudoConstant::getKey
Array
(
    [civi.tag] => deprecated
)


Jul 20 14:04:23  [warning] Deprecated function, use CRM_Core_PseudoConstant::getKey
Array
(
    [civi.tag] => deprecated
)


Jul 20 14:04:23  [warning] Deprecated function, use CRM_Core_PseudoConstant::getKey
Array
(
    [civi.tag] => deprecated
)


Jul 20 14:04:23  [warning] Deprecated function, use CRM_Core_PseudoConstant::getKey
Array
(
    [civi.tag] => deprecated
)


Jul 20 14:04:23  [warning] Deprecated function, use CRM_Core_PseudoConstant::getKey
Array
(
    [civi.tag] => deprecated
)


Jul 20 14:04:23  [warning] Deprecated function, use CRM_Core_PseudoConstant::getKey
Array
(
    [civi.tag] => deprecated
)


Jul 20 14:04:23  [warning] Deprecated function, use CRM_Core_PseudoConstant::getKey
Array
(
    [civi.tag] => deprecated
)


Jul 20 14:19:43  [warning] Deprecated function, use CRM_Core_PseudoConstant::getKey
Array
(
    [civi.tag] => deprecated
)


Jul 20 14:19:43  [warning] Deprecated function, use CRM_Core_PseudoConstant::getKey
Array
(
    [civi.tag] => deprecated
)


Jul 20 14:19:43  [warning] Deprecated function, use CRM_Core_PseudoConstant::getKey
Array
(
    [civi.tag] => deprecated
)


Jul 20 14:19:43  [warning] Deprecated function, use CRM_Core_PseudoConstant::getKey
Array
(
    [civi.tag] => deprecated
)


Jul 20 14:19:43  [warning] Deprecated function, use CRM_Core_PseudoConstant::getKey
Array
(
    [civi.tag] => deprecated
)


Jul 20 14:19:43  [warning] Deprecated function, use CRM_Core_PseudoConstant::getKey
Array
(
    [civi.tag] => deprecated
)


Jul 20 14:19:43  [warning] Deprecated function, use CRM_Core_PseudoConstant::getKey
Array
(
    [civi.tag] => deprecated
)


Jul 20 14:19:44  [warning] Deprecated function, use CRM_Core_PseudoConstant::getKey
Array
(
    [civi.tag] => deprecated
)


Jul 20 14:19:44  [warning] Deprecated function, use CRM_Core_PseudoConstant::getKey
Array
(
    [civi.tag] => deprecated
)


Jul 20 14:19:44  [warning] Deprecated function, use CRM_Core_PseudoConstant::getKey
Array
(
    [civi.tag] => deprecated
)


Jul 20 14:19:44  [warning] Deprecated function, use CRM_Core_PseudoConstant::getKey
Array
(
    [civi.tag] => deprecated
)


Jul 20 14:19:44  [warning] Deprecated function, use CRM_Core_PseudoConstant::getKey
Array
(
    [civi.tag] => deprecated
)


Jul 20 14:19:44  [warning] Deprecated function, use CRM_Core_PseudoConstant::getKey
Array
(
    [civi.tag] => deprecated
)


Jul 20 14:19:47  [warning] Deprecated function, use CRM_Core_PseudoConstant::getKey
Array
(
    [civi.tag] => deprecated
)


Jul 20 14:19:47  [warning] Deprecated function, use CRM_Core_PseudoConstant::getKey
Array
(
    [civi.tag] => deprecated
)


Jul 20 14:19:47  [warning] Deprecated function, use CRM_Core_PseudoConstant::getKey
Array
(
    [civi.tag] => deprecated
)


Jul 20 14:19:47  [warning] Deprecated function, use CRM_Core_PseudoConstant::getKey
Array
(
    [civi.tag] => deprecated
)


Jul 20 14:19:47  [warning] Deprecated function, use CRM_Core_PseudoConstant::getKey
Array
(
    [civi.tag] => deprecated
)


Jul 20 14:19:47  [warning] Deprecated function, use CRM_Core_PseudoConstant::getKey
Array
(
    [civi.tag] => deprecated
)


Jul 20 14:19:47  [warning] Deprecated function, use CRM_Core_PseudoConstant::getKey
Array
(
    [civi.tag] => deprecated
)


Jul 20 14:19:47  [warning] Deprecated function, use CRM_Core_PseudoConstant::getKey
Array
(
    [civi.tag] => deprecated
)


Jul 20 14:19:47  [warning] Deprecated function, use CRM_Core_PseudoConstant::getKey
Array
(
    [civi.tag] => deprecated
)


Jul 20 14:19:47  [warning] Deprecated function, use CRM_Core_PseudoConstant::getKey
Array
(
    [civi.tag] => deprecated
)


Jul 20 14:19:47  [warning] Deprecated function, use CRM_Core_PseudoConstant::getKey
Array
(
    [civi.tag] => deprecated
)


Jul 20 14:19:47  [warning] Deprecated function, use CRM_Core_PseudoConstant::getKey
Array
(
    [civi.tag] => deprecated
)


Jul 20 14:19:47  [warning] Deprecated function, use CRM_Core_PseudoConstant::getKey
Array
(
    [civi.tag] => deprecated
)


Jul 20 14:19:50  [warning] Deprecated function, use CRM_Core_PseudoConstant::getKey
Array
(
    [civi.tag] => deprecated
)


Jul 20 14:19:50  [warning] Deprecated function, use CRM_Core_PseudoConstant::getKey
Array
(
    [civi.tag] => deprecated
)


Jul 20 14:19:50  [warning] Deprecated function, use CRM_Core_PseudoConstant::getKey
Array
(
    [civi.tag] => deprecated
)


Jul 20 14:19:50  [warning] Deprecated function, use CRM_Core_PseudoConstant::getKey
Array
(
    [civi.tag] => deprecated
)


Jul 20 14:19:50  [warning] Deprecated function, use CRM_Core_PseudoConstant::getKey
Array
(
    [civi.tag] => deprecated
)


Jul 20 14:19:50  [warning] Deprecated function, use CRM_Core_PseudoConstant::getKey
Array
(
    [civi.tag] => deprecated
)


Jul 20 14:19:50  [warning] Deprecated function, use CRM_Core_PseudoConstant::getKey
Array
(
    [civi.tag] => deprecated
)


Jul 20 14:19:50  [warning] Deprecated function, use CRM_Core_PseudoConstant::getKey
Array
(
    [civi.tag] => deprecated
)


Jul 20 14:19:50  [warning] Deprecated function, use CRM_Core_PseudoConstant::getKey
Array
(
    [civi.tag] => deprecated
)


Jul 20 14:19:50  [warning] Deprecated function, use CRM_Core_PseudoConstant::getKey
Array
(
    [civi.tag] => deprecated
)


Jul 20 14:19:50  [warning] Deprecated function, use CRM_Core_PseudoConstant::getKey
Array
(
    [civi.tag] => deprecated
)


Jul 20 14:19:50  [warning] Deprecated function, use CRM_Core_PseudoConstant::getKey
Array
(
    [civi.tag] => deprecated
)


Jul 20 14:19:50  [warning] Deprecated function, use CRM_Core_PseudoConstant::getKey
Array
(
    [civi.tag] => deprecated
)


Jul 20 14:19:52  [warning] Deprecated function, use CRM_Core_PseudoConstant::getKey
Array
(
    [civi.tag] => deprecated
)


Jul 20 14:19:52  [warning] Deprecated function, use CRM_Core_PseudoConstant::getKey
Array
(
    [civi.tag] => deprecated
)


Jul 20 14:19:52  [warning] Deprecated function, use CRM_Core_PseudoConstant::getKey
Array
(
    [civi.tag] => deprecated
)


Jul 20 14:19:52  [warning] Deprecated function, use CRM_Core_PseudoConstant::getKey
Array
(
    [civi.tag] => deprecated
)


Jul 20 14:19:52  [warning] Deprecated function, use CRM_Core_PseudoConstant::getKey
Array
(
    [civi.tag] => deprecated
)


Jul 20 14:19:52  [warning] Deprecated function, use CRM_Core_PseudoConstant::getKey
Array
(
    [civi.tag] => deprecated
)


Jul 20 14:19:52  [warning] Deprecated function, use CRM_Core_PseudoConstant::getKey
Array
(
    [civi.tag] => deprecated
)


Jul 20 14:19:52  [warning] Deprecated function, use CRM_Core_PseudoConstant::getKey
Array
(
    [civi.tag] => deprecated
)


Jul 20 14:19:52  [warning] Deprecated function, use CRM_Core_PseudoConstant::getKey
Array
(
    [civi.tag] => deprecated
)


Jul 20 14:19:53  [warning] Deprecated function, use CRM_Core_PseudoConstant::getKey
Array
(
    [civi.tag] => deprecated
)


Jul 20 14:19:53  [warning] Deprecated function, use CRM_Core_PseudoConstant::getKey
Array
(
    [civi.tag] => deprecated
)


Jul 20 14:19:53  [warning] Deprecated function, use CRM_Core_PseudoConstant::getKey
Array
(
    [civi.tag] => deprecated
)


Jul 20 14:19:53  [warning] Deprecated function, use CRM_Core_PseudoConstant::getKey
Array
(
    [civi.tag] => deprecated
)


Jul 20 14:19:54  [warning] Deprecated function, use CRM_Core_PseudoConstant::getKey
Array
(
    [civi.tag] => deprecated
)


Jul 20 14:19:54  [warning] Deprecated function, use CRM_Core_PseudoConstant::getKey
Array
(
    [civi.tag] => deprecated
)


Jul 20 14:19:54  [warning] Deprecated function, use CRM_Core_PseudoConstant::getKey
Array
(
    [civi.tag] => deprecated
)


Jul 20 14:19:54  [warning] Deprecated function, use CRM_Core_PseudoConstant::getKey
Array
(
    [civi.tag] => deprecated
)


Jul 20 14:19:54  [warning] Deprecated function, use CRM_Core_PseudoConstant::getKey
Array
(
    [civi.tag] => deprecated
)


Jul 20 14:19:54  [warning] Deprecated function, use CRM_Core_PseudoConstant::getKey
Array
(
    [civi.tag] => deprecated
)


Jul 20 14:19:54  [warning] Deprecated function, use CRM_Core_PseudoConstant::getKey
Array
(
    [civi.tag] => deprecated
)


Jul 20 14:19:54  [warning] Deprecated function, use CRM_Core_PseudoConstant::getKey
Array
(
    [civi.tag] => deprecated
)


Jul 20 14:19:54  [warning] Deprecated function, use CRM_Core_PseudoConstant::getKey
Array
(
    [civi.tag] => deprecated
)


Jul 20 14:19:54  [warning] Deprecated function, use CRM_Core_PseudoConstant::getKey
Array
(
    [civi.tag] => deprecated
)


Jul 20 14:19:54  [warning] Deprecated function, use CRM_Core_PseudoConstant::getKey
Array
(
    [civi.tag] => deprecated
)


Jul 20 14:19:54  [warning] Deprecated function, use CRM_Core_PseudoConstant::getKey
Array
(
    [civi.tag] => deprecated
)


Jul 20 14:19:54  [warning] Deprecated function, use CRM_Core_PseudoConstant::getKey
Array
(
    [civi.tag] => deprecated
)


Jul 20 14:19:56  [warning] Deprecated function, use CRM_Core_PseudoConstant::getKey
Array
(
    [civi.tag] => deprecated
)


Jul 20 14:19:56  [warning] Deprecated function, use CRM_Core_PseudoConstant::getKey
Array
(
    [civi.tag] => deprecated
)


Jul 20 14:19:56  [warning] Deprecated function, use CRM_Core_PseudoConstant::getKey
Array
(
    [civi.tag] => deprecated
)


Jul 20 14:19:56  [warning] Deprecated function, use CRM_Core_PseudoConstant::getKey
Array
(
    [civi.tag] => deprecated
)


Jul 20 14:19:56  [warning] Deprecated function, use CRM_Core_PseudoConstant::getKey
Array
(
    [civi.tag] => deprecated
)


Jul 20 14:19:56  [warning] Deprecated function, use CRM_Core_PseudoConstant::getKey
Array
(
    [civi.tag] => deprecated
)


Jul 20 14:19:56  [warning] Deprecated function, use CRM_Core_PseudoConstant::getKey
Array
(
    [civi.tag] => deprecated
)


Jul 20 14:19:56  [warning] Deprecated function, use CRM_Core_PseudoConstant::getKey
Array
(
    [civi.tag] => deprecated
)


Jul 20 14:19:56  [warning] Deprecated function, use CRM_Core_PseudoConstant::getKey
Array
(
    [civi.tag] => deprecated
)


Jul 20 14:19:56  [warning] Deprecated function, use CRM_Core_PseudoConstant::getKey
Array
(
    [civi.tag] => deprecated
)


Jul 20 14:19:56  [warning] Deprecated function, use CRM_Core_PseudoConstant::getKey
Array
(
    [civi.tag] => deprecated
)


Jul 20 14:19:56  [warning] Deprecated function, use CRM_Core_PseudoConstant::getKey
Array
(
    [civi.tag] => deprecated
)


Jul 20 14:19:56  [warning] Deprecated function, use CRM_Core_PseudoConstant::getKey
Array
(
    [civi.tag] => deprecated
)


Jul 20 14:19:58  [warning] Deprecated function, use CRM_Core_PseudoConstant::getKey
Array
(
    [civi.tag] => deprecated
)


Jul 20 14:19:58  [warning] Deprecated function, use CRM_Core_PseudoConstant::getKey
Array
(
    [civi.tag] => deprecated
)


Jul 20 14:19:58  [warning] Deprecated function, use CRM_Core_PseudoConstant::getKey
Array
(
    [civi.tag] => deprecated
)


Jul 20 14:19:58  [warning] Deprecated function, use CRM_Core_PseudoConstant::getKey
Array
(
    [civi.tag] => deprecated
)


Jul 20 14:19:58  [warning] Deprecated function, use CRM_Core_PseudoConstant::getKey
Array
(
    [civi.tag] => deprecated
)


Jul 20 14:19:58  [warning] Deprecated function, use CRM_Core_PseudoConstant::getKey
Array
(
    [civi.tag] => deprecated
)


Jul 20 14:19:58  [warning] Deprecated function, use CRM_Core_PseudoConstant::getKey
Array
(
    [civi.tag] => deprecated
)


Jul 20 14:19:58  [warning] Deprecated function, use CRM_Core_PseudoConstant::getKey
Array
(
    [civi.tag] => deprecated
)


Jul 20 14:19:58  [warning] Deprecated function, use CRM_Core_PseudoConstant::getKey
Array
(
    [civi.tag] => deprecated
)


Jul 20 14:19:58  [warning] Deprecated function, use CRM_Core_PseudoConstant::getKey
Array
(
    [civi.tag] => deprecated
)


Jul 20 14:19:58  [warning] Deprecated function, use CRM_Core_PseudoConstant::getKey
Array
(
    [civi.tag] => deprecated
)


Jul 20 14:19:58  [warning] Deprecated function, use CRM_Core_PseudoConstant::getKey
Array
(
    [civi.tag] => deprecated
)


Jul 20 14:19:58  [warning] Deprecated function, use CRM_Core_PseudoConstant::getKey
Array
(
    [civi.tag] => deprecated
)


Jul 20 14:20:00  [warning] Deprecated function, use CRM_Core_PseudoConstant::getKey
Array
(
    [civi.tag] => deprecated
)


Jul 20 14:20:00  [warning] Deprecated function, use CRM_Core_PseudoConstant::getKey
Array
(
    [civi.tag] => deprecated
)


Jul 20 14:20:00  [warning] Deprecated function, use CRM_Core_PseudoConstant::getKey
Array
(
    [civi.tag] => deprecated
)


Jul 20 14:20:00  [warning] Deprecated function, use CRM_Core_PseudoConstant::getKey
Array
(
    [civi.tag] => deprecated
)


Jul 20 14:20:00  [warning] Deprecated function, use CRM_Core_PseudoConstant::getKey
Array
(
    [civi.tag] => deprecated
)


Jul 20 14:20:00  [warning] Deprecated function, use CRM_Core_PseudoConstant::getKey
Array
(
    [civi.tag] => deprecated
)


Jul 20 14:20:00  [warning] Deprecated function, use CRM_Core_PseudoConstant::getKey
Array
(
    [civi.tag] => deprecated
)


Jul 20 14:20:00  [warning] Deprecated function, use CRM_Core_PseudoConstant::getKey
Array
(
    [civi.tag] => deprecated
)


Jul 20 14:20:00  [warning] Deprecated function, use CRM_Core_PseudoConstant::getKey
Array
(
    [civi.tag] => deprecated
)


Jul 20 14:20:00  [warning] Deprecated function, use CRM_Core_PseudoConstant::getKey
Array
(
    [civi.tag] => deprecated
)


Jul 20 14:20:00  [warning] Deprecated function, use CRM_Core_PseudoConstant::getKey
Array
(
    [civi.tag] => deprecated
)


Jul 20 14:20:00  [warning] Deprecated function, use CRM_Core_PseudoConstant::getKey
Array
(
    [civi.tag] => deprecated
)


Jul 20 14:20:00  [warning] Deprecated function, use CRM_Core_PseudoConstant::getKey
Array
(
    [civi.tag] => deprecated
)


Jul 20 14:20:02  [warning] Deprecated function, use CRM_Core_PseudoConstant::getKey
Array
(
    [civi.tag] => deprecated
)


Jul 20 14:20:02  [warning] Deprecated function, use CRM_Core_PseudoConstant::getKey
Array
(
    [civi.tag] => deprecated
)


Jul 20 14:20:02  [warning] Deprecated function, use CRM_Core_PseudoConstant::getKey
Array
(
    [civi.tag] => deprecated
)


Jul 20 14:20:02  [warning] Deprecated function, use CRM_Core_PseudoConstant::getKey
Array
(
    [civi.tag] => deprecated
)


Jul 20 14:20:02  [warning] Deprecated function, use CRM_Core_PseudoConstant::getKey
Array
(
    [civi.tag] => deprecated
)


Jul 20 14:20:02  [warning] Deprecated function, use CRM_Core_PseudoConstant::getKey
Array
(
    [civi.tag] => deprecated
)


Jul 20 14:20:02  [warning] Deprecated function, use CRM_Core_PseudoConstant::getKey
Array
(
    [civi.tag] => deprecated
)


Jul 20 14:20:02  [warning] Deprecated function, use CRM_Core_PseudoConstant::getKey
Array
(
    [civi.tag] => deprecated
)


Jul 20 14:20:02  [warning] Deprecated function, use CRM_Core_PseudoConstant::getKey
Array
(
    [civi.tag] => deprecated
)


Jul 20 14:20:02  [warning] Deprecated function, use CRM_Core_PseudoConstant::getKey
Array
(
    [civi.tag] => deprecated
)


Jul 20 14:20:02  [warning] Deprecated function, use CRM_Core_PseudoConstant::getKey
Array
(
    [civi.tag] => deprecated
)


Jul 20 14:20:02  [warning] Deprecated function, use CRM_Core_PseudoConstant::getKey
Array
(
    [civi.tag] => deprecated
)


Jul 20 14:20:02  [warning] Deprecated function, use CRM_Core_PseudoConstant::getKey
Array
(
    [civi.tag] => deprecated
)


Jul 20 14:20:03  [warning] Deprecated function, use CRM_Core_PseudoConstant::getKey
Array
(
    [civi.tag] => deprecated
)


Jul 20 14:20:03  [warning] Deprecated function, use CRM_Core_PseudoConstant::getKey
Array
(
    [civi.tag] => deprecated
)


Jul 20 14:20:03  [warning] Deprecated function, use CRM_Core_PseudoConstant::getKey
Array
(
    [civi.tag] => deprecated
)


Jul 20 14:20:03  [warning] Deprecated function, use CRM_Core_PseudoConstant::getKey
Array
(
    [civi.tag] => deprecated
)


Jul 20 14:20:03  [warning] Deprecated function, use CRM_Core_PseudoConstant::getKey
Array
(
    [civi.tag] => deprecated
)


Jul 20 14:20:03  [warning] Deprecated function, use CRM_Core_PseudoConstant::getKey
Array
(
    [civi.tag] => deprecated
)


Jul 20 14:20:03  [warning] Deprecated function, use CRM_Core_PseudoConstant::getKey
Array
(
    [civi.tag] => deprecated
)


Jul 20 14:20:03  [warning] Deprecated function, use CRM_Core_PseudoConstant::getKey
Array
(
    [civi.tag] => deprecated
)


Jul 20 14:20:03  [warning] Deprecated function, use CRM_Core_PseudoConstant::getKey
Array
(
    [civi.tag] => deprecated
)


Jul 20 14:20:03  [warning] Deprecated function, use CRM_Core_PseudoConstant::getKey
Array
(
    [civi.tag] => deprecated
)


Jul 20 14:20:03  [warning] Deprecated function, use CRM_Core_PseudoConstant::getKey
Array
(
    [civi.tag] => deprecated
)


Jul 20 14:20:03  [warning] Deprecated function, use CRM_Core_PseudoConstant::getKey
Array
(
    [civi.tag] => deprecated
)


Jul 20 14:20:03  [warning] Deprecated function, use CRM_Core_PseudoConstant::getKey
Array
(
    [civi.tag] => deprecated
)


Jul 20 14:20:07  [warning] Deprecated function, use CRM_Core_PseudoConstant::getKey
Array
(
    [civi.tag] => deprecated
)


Jul 20 14:20:07  [warning] Deprecated function, use CRM_Core_PseudoConstant::getKey
Array
(
    [civi.tag] => deprecated
)


Jul 20 14:20:07  [warning] Deprecated function, use CRM_Core_PseudoConstant::getKey
Array
(
    [civi.tag] => deprecated
)


Jul 20 14:20:07  [warning] Deprecated function, use CRM_Core_PseudoConstant::getKey
Array
(
    [civi.tag] => deprecated
)


Jul 20 14:20:07  [warning] Deprecated function, use CRM_Core_PseudoConstant::getKey
Array
(
    [civi.tag] => deprecated
)


Jul 20 14:20:07  [warning] Deprecated function, use CRM_Core_PseudoConstant::getKey
Array
(
    [civi.tag] => deprecated
)


Jul 20 14:20:07  [warning] Deprecated function, use CRM_Core_PseudoConstant::getKey
Array
(
    [civi.tag] => deprecated
)


Jul 20 14:20:07  [warning] Deprecated function, use CRM_Core_PseudoConstant::getKey
Array
(
    [civi.tag] => deprecated
)


Jul 20 14:20:07  [warning] Deprecated function, use CRM_Core_PseudoConstant::getKey
Array
(
    [civi.tag] => deprecated
)


Jul 20 14:20:07  [warning] Deprecated function, use CRM_Core_PseudoConstant::getKey
Array
(
    [civi.tag] => deprecated
)


Jul 20 14:20:07  [warning] Deprecated function, use CRM_Core_PseudoConstant::getKey
Array
(
    [civi.tag] => deprecated
)


Jul 20 14:20:07  [warning] Deprecated function, use CRM_Core_PseudoConstant::getKey
Array
(
    [civi.tag] => deprecated
)


Jul 20 14:20:07  [warning] Deprecated function, use CRM_Core_PseudoConstant::getKey
Array
(
    [civi.tag] => deprecated
)


Jul 20 14:20:10  [warning] Deprecated function, use CRM_Core_PseudoConstant::getKey
Array
(
    [civi.tag] => deprecated
)


Jul 20 14:20:10  [warning] Deprecated function, use CRM_Core_PseudoConstant::getKey
Array
(
    [civi.tag] => deprecated
)


Jul 20 14:20:10  [warning] Deprecated function, use CRM_Core_PseudoConstant::getKey
Array
(
    [civi.tag] => deprecated
)


Jul 20 14:20:10  [warning] Deprecated function, use CRM_Core_PseudoConstant::getKey
Array
(
    [civi.tag] => deprecated
)


Jul 20 14:20:10  [warning] Deprecated function, use CRM_Core_PseudoConstant::getKey
Array
(
    [civi.tag] => deprecated
)


Jul 20 14:20:10  [warning] Deprecated function, use CRM_Core_PseudoConstant::getKey
Array
(
    [civi.tag] => deprecated
)


Jul 20 14:20:10  [warning] Deprecated function, use CRM_Core_PseudoConstant::getKey
Array
(
    [civi.tag] => deprecated
)


Jul 20 14:20:10  [warning] Deprecated function, use CRM_Core_PseudoConstant::getKey
Array
(
    [civi.tag] => deprecated
)


Jul 20 14:20:10  [warning] Deprecated function, use CRM_Core_PseudoConstant::getKey
Array
(
    [civi.tag] => deprecated
)


Jul 20 14:20:10  [warning] Deprecated function, use CRM_Core_PseudoConstant::getKey
Array
(
    [civi.tag] => deprecated
)


Jul 20 14:20:10  [warning] Deprecated function, use CRM_Core_PseudoConstant::getKey
Array
(
    [civi.tag] => deprecated
)


Jul 20 14:20:10  [warning] Deprecated function, use CRM_Core_PseudoConstant::getKey
Array
(
    [civi.tag] => deprecated
)


Jul 20 14:20:10  [warning] Deprecated function, use CRM_Core_PseudoConstant::getKey
Array
(
    [civi.tag] => deprecated
)


Jul 20 14:20:11  [warning] Deprecated function, use CRM_Core_PseudoConstant::getKey
Array
(
    [civi.tag] => deprecated
)


Jul 20 14:20:11  [warning] Deprecated function, use CRM_Core_PseudoConstant::getKey
Array
(
    [civi.tag] => deprecated
)


Jul 20 14:20:11  [warning] Deprecated function, use CRM_Core_PseudoConstant::getKey
Array
(
    [civi.tag] => deprecated
)


Jul 20 14:20:11  [warning] Deprecated function, use CRM_Core_PseudoConstant::getKey
Array
(
    [civi.tag] => deprecated
)


Jul 20 14:20:11  [warning] Deprecated function, use CRM_Core_PseudoConstant::getKey
Array
(
    [civi.tag] => deprecated
)


Jul 20 14:20:11  [warning] Deprecated function, use CRM_Core_PseudoConstant::getKey
Array
(
    [civi.tag] => deprecated
)


Jul 20 14:20:11  [warning] Deprecated function, use CRM_Core_PseudoConstant::getKey
Array
(
    [civi.tag] => deprecated
)


Jul 20 14:20:11  [warning] Deprecated function, use CRM_Core_PseudoConstant::getKey
Array
(
    [civi.tag] => deprecated
)


Jul 20 14:20:11  [warning] Deprecated function, use CRM_Core_PseudoConstant::getKey
Array
(
    [civi.tag] => deprecated
)


Jul 20 14:20:11  [warning] Deprecated function, use CRM_Core_PseudoConstant::getKey
Array
(
    [civi.tag] => deprecated
)


Jul 20 14:20:11  [warning] Deprecated function, use CRM_Core_PseudoConstant::getKey
Array
(
    [civi.tag] => deprecated
)


Jul 20 14:20:11  [warning] Deprecated function, use CRM_Core_PseudoConstant::getKey
Array
(
    [civi.tag] => deprecated
)


Jul 20 14:20:11  [warning] Deprecated function, use CRM_Core_PseudoConstant::getKey
Array
(
    [civi.tag] => deprecated
)


Jul 20 14:20:14  [warning] Deprecated function, use CRM_Core_PseudoConstant::getKey
Array
(
    [civi.tag] => deprecated
)


Jul 20 14:20:14  [warning] Deprecated function, use CRM_Core_PseudoConstant::getKey
Array
(
    [civi.tag] => deprecated
)


Jul 20 14:20:14  [warning] Deprecated function, use CRM_Core_PseudoConstant::getKey
Array
(
    [civi.tag] => deprecated
)


Jul 20 14:20:14  [warning] Deprecated function, use CRM_Core_PseudoConstant::getKey
Array
(
    [civi.tag] => deprecated
)


Jul 20 14:20:14  [warning] Deprecated function, use CRM_Core_PseudoConstant::getKey
Array
(
    [civi.tag] => deprecated
)


Jul 20 14:20:14  [warning] Deprecated function, use CRM_Core_PseudoConstant::getKey
Array
(
    [civi.tag] => deprecated
)


Jul 20 14:20:14  [warning] Deprecated function, use CRM_Core_PseudoConstant::getKey
Array
(
    [civi.tag] => deprecated
)


Jul 20 14:20:14  [warning] Deprecated function, use CRM_Core_PseudoConstant::getKey
Array
(
    [civi.tag] => deprecated
)


Jul 20 14:20:14  [warning] Deprecated function, use CRM_Core_PseudoConstant::getKey
Array
(
    [civi.tag] => deprecated
)


Jul 20 14:20:14  [warning] Deprecated function, use CRM_Core_PseudoConstant::getKey
Array
(
    [civi.tag] => deprecated
)


Jul 20 14:20:14  [warning] Deprecated function, use CRM_Core_PseudoConstant::getKey
Array
(
    [civi.tag] => deprecated
)


Jul 20 14:20:14  [warning] Deprecated function, use CRM_Core_PseudoConstant::getKey
Array
(
    [civi.tag] => deprecated
)


Jul 20 14:20:14  [warning] Deprecated function, use CRM_Core_PseudoConstant::getKey
Array
(
    [civi.tag] => deprecated
)


Jul 20 14:26:30  [warning] Deprecated function, use CRM_Core_PseudoConstant::getKey
Array
(
    [civi.tag] => deprecated
)


Jul 20 14:26:30  [warning] Deprecated function, use CRM_Core_PseudoConstant::getKey
Array
(
    [civi.tag] => deprecated
)


Jul 20 14:26:30  [warning] Deprecated function, use CRM_Core_PseudoConstant::getKey
Array
(
    [civi.tag] => deprecated
)


Jul 20 14:26:30  [warning] Deprecated function, use CRM_Core_PseudoConstant::getKey
Array
(
    [civi.tag] => deprecated
)


Jul 20 14:26:30  [warning] Deprecated function, use CRM_Core_PseudoConstant::getKey
Array
(
    [civi.tag] => deprecated
)


Jul 20 14:26:30  [warning] Deprecated function, use CRM_Core_PseudoConstant::getKey
Array
(
    [civi.tag] => deprecated
)


Jul 20 14:26:30  [warning] Deprecated function, use CRM_Core_PseudoConstant::getKey
Array
(
    [civi.tag] => deprecated
)


Jul 20 14:26:30  [warning] Deprecated function, use CRM_Core_PseudoConstant::getKey
Array
(
    [civi.tag] => deprecated
)


Jul 20 14:26:30  [warning] Deprecated function, use CRM_Core_PseudoConstant::getKey
Array
(
    [civi.tag] => deprecated
)


Jul 20 14:26:30  [warning] Deprecated function, use CRM_Core_PseudoConstant::getKey
Array
(
    [civi.tag] => deprecated
)


Jul 20 14:26:30  [warning] Deprecated function, use CRM_Core_PseudoConstant::getKey
Array
(
    [civi.tag] => deprecated
)


Jul 20 14:26:30  [warning] Deprecated function, use CRM_Core_PseudoConstant::getKey
Array
(
    [civi.tag] => deprecated
)


Jul 20 14:26:30  [warning] Deprecated function, use CRM_Core_PseudoConstant::getKey
Array
(
    [civi.tag] => deprecated
)


Jul 20 14:26:30  [warning] Deprecated function, use CRM_Core_PseudoConstant::getKey
Array
(
    [civi.tag] => deprecated
)


Jul 20 14:26:30  [warning] Deprecated function, use CRM_Core_PseudoConstant::getKey
Array
(
    [civi.tag] => deprecated
)


Jul 20 14:26:30  [warning] Deprecated function, use CRM_Core_PseudoConstant::getKey
Array
(
    [civi.tag] => deprecated
)


Jul 20 14:26:30  [warning] Deprecated function, use CRM_Core_PseudoConstant::getKey
Array
(
    [civi.tag] => deprecated
)


Jul 20 14:34:36  [warning] Deprecated function, use CRM_Core_PseudoConstant::getKey
Array
(
    [civi.tag] => deprecated
)


Jul 20 14:34:36  [warning] Deprecated function, use CRM_Core_PseudoConstant::getKey
Array
(
    [civi.tag] => deprecated
)


Jul 20 14:34:49  [warning] Deprecated function, use CRM_Core_PseudoConstant::getKey
Array
(
    [civi.tag] => deprecated
)


Jul 20 14:34:49  [warning] Deprecated function, use CRM_Core_PseudoConstant::getKey
Array
(
    [civi.tag] => deprecated
)


Jul 20 14:35:05  [warning] Deprecated function, use CRM_Core_PseudoConstant::getKey
Array
(
    [civi.tag] => deprecated
)


Jul 20 14:35:05  [warning] Deprecated function, use CRM_Core_PseudoConstant::getKey
Array
(
    [civi.tag] => deprecated
)


Jul 20 14:38:36  [warning] Deprecated function, use CRM_Core_PseudoConstant::getKey
Array
(
    [civi.tag] => deprecated
)


Jul 20 14:38:36  [warning] Deprecated function, use CRM_Core_PseudoConstant::getKey
Array
(
    [civi.tag] => deprecated
)


Jul 20 14:38:36  [warning] Deprecated function, use CRM_Core_PseudoConstant::getKey
Array
(
    [civi.tag] => deprecated
)


Jul 20 14:38:36  [warning] Deprecated function, use CRM_Core_PseudoConstant::getKey
Array
(
    [civi.tag] => deprecated
)


Jul 20 14:38:36  [warning] Deprecated function, use CRM_Core_PseudoConstant::getKey
Array
(
    [civi.tag] => deprecated
)


Jul 20 14:38:36  [warning] Deprecated function, use CRM_Core_PseudoConstant::getKey
Array
(
    [civi.tag] => deprecated
)


Jul 20 14:38:36  [warning] Deprecated function, use CRM_Core_PseudoConstant::getKey
Array
(
    [civi.tag] => deprecated
)


Jul 20 14:38:36  [warning] Deprecated function, use CRM_Core_PseudoConstant::getKey
Array
(
    [civi.tag] => deprecated
)


Jul 20 14:38:36  [warning] Deprecated function, use CRM_Core_PseudoConstant::getKey
Array
(
    [civi.tag] => deprecated
)


Jul 20 14:38:36  [warning] Deprecated function, use CRM_Core_PseudoConstant::getKey
Array
(
    [civi.tag] => deprecated
)


Jul 20 14:38:36  [warning] Deprecated function, use CRM_Core_PseudoConstant::getKey
Array
(
    [civi.tag] => deprecated
)


Jul 20 14:38:36  [warning] Deprecated function, use CRM_Core_PseudoConstant::getKey
Array
(
    [civi.tag] => deprecated
)


Jul 20 14:38:36  [warning] Deprecated function, use CRM_Core_PseudoConstant::getKey
Array
(
    [civi.tag] => deprecated
)


Jul 20 14:38:36  [warning] Deprecated function, use CRM_Core_PseudoConstant::getKey
Array
(
    [civi.tag] => deprecated
)


Jul 20 14:38:36  [warning] Deprecated function, use CRM_Core_PseudoConstant::getKey
Array
(
    [civi.tag] => deprecated
)


Jul 20 14:38:36  [warning] Deprecated function, use CRM_Core_PseudoConstant::getKey
Array
(
    [civi.tag] => deprecated
)


Jul 20 14:38:36  [warning] Deprecated function, use CRM_Core_PseudoConstant::getKey
Array
(
    [civi.tag] => deprecated
)


Jul 20 14:40:43  [warning] Deprecated function, use CRM_Core_PseudoConstant::getKey
Array
(
    [civi.tag] => deprecated
)


Jul 20 14:40:43  [warning] Deprecated function, use CRM_Core_PseudoConstant::getKey
Array
(
    [civi.tag] => deprecated
)


